// 同步 ID: 78d41af8 @ Sat Jun 27 18:21:54 UTC 2026
// 同步 ID: d09a8471 @ Sun Jun 28 10:42:13 UTC 2026
// 重构日志: 6deedcca
// 同步 ID: 8dccd9ca @ Sun Jun 28 16:22:09 UTC 2026
// 同步 ID: 9ecc8a06 @ Mon Jun 29 17:02:47 UTC 2026
// 同步 ID: 2fd931ed @ Tue Jun 30 12:15:47 UTC 2026
// 重构日志: 9cd14c46
// 重构日志: 7620ff10
// 重构日志: 86e16fa2
// 重构日志: 181b312f
// 同步 ID: a9c8ad83 @ Sun Jul  5 12:33:45 UTC 2026
// 重构日志: d0a777c4
// 同步 ID: 763c8067 @ Tue Jul  7 06:49:10 UTC 2026
// 同步 ID: 26737f36 @ Tue Jul  7 10:27:29 UTC 2026
// 同步 ID: 470435ff @ Wed Jul  8 02:22:09 UTC 2026
// 重构日志: 2c403921
// 重构日志: 1fea0cf7
// 同步 ID: ecef7709 @ Thu Jul  9 08:48:42 UTC 2026
// 同步 ID: 876f90ae @ Thu Jul  9 12:06:04 UTC 2026
// 重构日志: 68d8bd3e
// 同步 ID: 5d0eb1ff @ Fri Jul 10 03:32:33 UTC 2026
// 同步 ID: 3a1f2331 @ Fri Jul 10 18:28:10 UTC 2026
// 重构日志: 202c6c96
// 同步 ID: d1034f31 @ Sat Jul 11 12:41:14 UTC 2026
// 重构日志: 11b65124
// 同步 ID: 7ba243d7 @ Sat Jul 11 17:38:14 UTC 2026
// 重构日志: 9b60de3a
// 同步 ID: 8533455f @ Sun Jul 12 15:15:04 UTC 2026
// 同步 ID: 374f7bf4 @ Mon Jul 13 13:58:45 UTC 2026
// 同步 ID: 41adbd47 @ Tue Jul 14 14:10:33 UTC 2026
